<?xml version="1.0" encoding="UTF-8" standalone="yes"?>
<ns2:test-suite start="1675165555212" stop="1675165715627" version="1.4.22" xmlns:ns2="urn:model.allure.qatools.yandex.ru">
    <name>Suite : Test - 1</name>
    <title>Suite : Test - 1</title>
    <test-cases>
        <test-case start="1675165557485" stop="1675165682420" status="broken">
            <name>runScenario["Amazon Page","Optional[Amazon Test Caces]"]</name>
            <description>Runs Cucumber Scenarios</description>
            <failure>
                <message>NoSuchElementException: no such element: Unable to locate element: {"method":"xpath","selector":"//*[@data-ref-tag='nav_em_1_1_1_6']"}
  (Session info: chrome=109.0.5414.120)
For documentation on this error, please visit: https://www.seleniumhq.org/exceptions/no_such_element.html
Build info: version: '3.141.59', revision: 'e82be7d358', time: '2018-11-14T08:17:03'
System info: host: 'DESKTOP-8TF2HVC', ip: '192.168.8.226', os.name: 'Windows 10', os.arch: 'amd64', os.version: '10.0', java.version: '17.0.5'
Driver info: org.openqa.selenium.chrome.ChromeDriver
Capabilities {acceptInsecureCerts: false, browserName: chrome, browserVersion: 109.0.5414.120, chrome: {chromedriverVersion: 109.0.5414.74 (e7c5703604da..., userDataDir: C:\Users\ecs\AppData\Local\...}, goog:chromeOptions: {debuggerAddress: localhost:57209}, javascriptEnabled: true, networkConnectionEnabled: false, pageLoadStrategy: normal, platform: WINDOWS, platformName: WINDOWS, proxy: Proxy(), setWindowRect: true, strictFileInteractability: false, timeouts: {implicit: 0, pageLoad: 300000, script: 30000}, unhandledPromptBehavior: dismiss and notify, webauthn:extension:credBlob: true, webauthn:extension:largeBlob: true, webauthn:virtualAuthenticators: true}
Session ID: 846fac640360485016ed6ea98344394a
*** Element info: {Using=xpath, value=//*[@data-ref-tag='nav_em_1_1_1_6']}</message>
                <stack-trace>org.openqa.selenium.NoSuchElementException: no such element: Unable to locate element: {"method":"xpath","selector":"//*[@data-ref-tag='nav_em_1_1_1_6']"}
  (Session info: chrome=109.0.5414.120)
For documentation on this error, please visit: https://www.seleniumhq.org/exceptions/no_such_element.html
Build info: version: '3.141.59', revision: 'e82be7d358', time: '2018-11-14T08:17:03'
System info: host: 'DESKTOP-8TF2HVC', ip: '192.168.8.226', os.name: 'Windows 10', os.arch: 'amd64', os.version: '10.0', java.version: '17.0.5'
Driver info: org.openqa.selenium.chrome.ChromeDriver
Capabilities {acceptInsecureCerts: false, browserName: chrome, browserVersion: 109.0.5414.120, chrome: {chromedriverVersion: 109.0.5414.74 (e7c5703604da..., userDataDir: C:\Users\ecs\AppData\Local\...}, goog:chromeOptions: {debuggerAddress: localhost:57209}, javascriptEnabled: true, networkConnectionEnabled: false, pageLoadStrategy: normal, platform: WINDOWS, platformName: WINDOWS, proxy: Proxy(), setWindowRect: true, strictFileInteractability: false, timeouts: {implicit: 0, pageLoad: 300000, script: 30000}, unhandledPromptBehavior: dismiss and notify, webauthn:extension:credBlob: true, webauthn:extension:largeBlob: true, webauthn:virtualAuthenticators: true}
Session ID: 846fac640360485016ed6ea98344394a
*** Element info: {Using=xpath, value=//*[@data-ref-tag='nav_em_1_1_1_6']}&#13;
	at java.base/jdk.internal.reflect.NativeConstructorAccessorImpl.newInstance0(Native Method)&#13;
	at java.base/jdk.internal.reflect.NativeConstructorAccessorImpl.newInstance(NativeConstructorAccessorImpl.java:77)&#13;
	at java.base/jdk.internal.reflect.DelegatingConstructorAccessorImpl.newInstance(DelegatingConstructorAccessorImpl.java:45)&#13;
	at java.base/java.lang.reflect.Constructor.newInstanceWithCaller(Constructor.java:499)&#13;
	at java.base/java.lang.reflect.Constructor.newInstance(Constructor.java:480)&#13;
	at org.openqa.selenium.remote.http.W3CHttpResponseCodec.createException(W3CHttpResponseCodec.java:187)&#13;
	at org.openqa.selenium.remote.http.W3CHttpResponseCodec.decode(W3CHttpResponseCodec.java:122)&#13;
	at org.openqa.selenium.remote.http.W3CHttpResponseCodec.decode(W3CHttpResponseCodec.java:49)&#13;
	at org.openqa.selenium.remote.HttpCommandExecutor.execute(HttpCommandExecutor.java:158)&#13;
	at org.openqa.selenium.remote.service.DriverCommandExecutor.execute(DriverCommandExecutor.java:83)&#13;
	at org.openqa.selenium.remote.RemoteWebDriver.execute(RemoteWebDriver.java:552)&#13;
	at org.openqa.selenium.remote.RemoteWebDriver.findElement(RemoteWebDriver.java:323)&#13;
	at org.openqa.selenium.remote.RemoteWebDriver.findElementByXPath(RemoteWebDriver.java:428)&#13;
	at org.openqa.selenium.By$ByXPath.findElement(By.java:353)&#13;
	at org.openqa.selenium.remote.RemoteWebDriver.findElement(RemoteWebDriver.java:315)&#13;
	at com.PSC.helper.PageObject.LoginPage.clickEchoAlexa(LoginPage.java:88)&#13;
	at com.PSC.framework.stepDefinition.AmazonProductPage.click_on_echo_and_alexa(AmazonProductPage.java:32)&#13;
	at ✽.Click on Echo and Alexa(classpath:BackOffice/Amazon.feature:7)&#13;
</stack-trace>
            </failure>
            <steps>
                <step start="1675165597506" stop="1675165597512" status="passed">
                    <name>log[Click on All button, false]</name>
                    <title>Click on All button</title>
                </step>
            </steps>
            <attachments>
                <attachment title="screenshot" source="49186717-d8ba-4fc0-9744-6f29fa4b6170-attachment.png" type="image/png"/>
            </attachments>
            <labels>
                <label name="host" value="DESKTOP-8TF2HVC"/>
                <label name="thread" value="4792@DESKTOP-8TF2HVC.main(1)"/>
            </labels>
        </test-case>
        <test-case start="1675165557485" stop="1675165682420" status="broken">
            <name>runScenario["Amazon Page","Optional[Amazon Test Caces]"]</name>
            <description>Runs Cucumber Scenarios</description>
            <failure>
                <message>NoSuchElementException: no such element: Unable to locate element: {"method":"xpath","selector":"//*[@data-ref-tag='nav_em_1_1_1_6']"}
  (Session info: chrome=109.0.5414.120)
For documentation on this error, please visit: https://www.seleniumhq.org/exceptions/no_such_element.html
Build info: version: '3.141.59', revision: 'e82be7d358', time: '2018-11-14T08:17:03'
System info: host: 'DESKTOP-8TF2HVC', ip: '192.168.8.226', os.name: 'Windows 10', os.arch: 'amd64', os.version: '10.0', java.version: '17.0.5'
Driver info: org.openqa.selenium.chrome.ChromeDriver
Capabilities {acceptInsecureCerts: false, browserName: chrome, browserVersion: 109.0.5414.120, chrome: {chromedriverVersion: 109.0.5414.74 (e7c5703604da..., userDataDir: C:\Users\ecs\AppData\Local\...}, goog:chromeOptions: {debuggerAddress: localhost:57209}, javascriptEnabled: true, networkConnectionEnabled: false, pageLoadStrategy: normal, platform: WINDOWS, platformName: WINDOWS, proxy: Proxy(), setWindowRect: true, strictFileInteractability: false, timeouts: {implicit: 0, pageLoad: 300000, script: 30000}, unhandledPromptBehavior: dismiss and notify, webauthn:extension:credBlob: true, webauthn:extension:largeBlob: true, webauthn:virtualAuthenticators: true}
Session ID: 846fac640360485016ed6ea98344394a
*** Element info: {Using=xpath, value=//*[@data-ref-tag='nav_em_1_1_1_6']}</message>
                <stack-trace>org.openqa.selenium.NoSuchElementException: no such element: Unable to locate element: {"method":"xpath","selector":"//*[@data-ref-tag='nav_em_1_1_1_6']"}
  (Session info: chrome=109.0.5414.120)
For documentation on this error, please visit: https://www.seleniumhq.org/exceptions/no_such_element.html
Build info: version: '3.141.59', revision: 'e82be7d358', time: '2018-11-14T08:17:03'
System info: host: 'DESKTOP-8TF2HVC', ip: '192.168.8.226', os.name: 'Windows 10', os.arch: 'amd64', os.version: '10.0', java.version: '17.0.5'
Driver info: org.openqa.selenium.chrome.ChromeDriver
Capabilities {acceptInsecureCerts: false, browserName: chrome, browserVersion: 109.0.5414.120, chrome: {chromedriverVersion: 109.0.5414.74 (e7c5703604da..., userDataDir: C:\Users\ecs\AppData\Local\...}, goog:chromeOptions: {debuggerAddress: localhost:57209}, javascriptEnabled: true, networkConnectionEnabled: false, pageLoadStrategy: normal, platform: WINDOWS, platformName: WINDOWS, proxy: Proxy(), setWindowRect: true, strictFileInteractability: false, timeouts: {implicit: 0, pageLoad: 300000, script: 30000}, unhandledPromptBehavior: dismiss and notify, webauthn:extension:credBlob: true, webauthn:extension:largeBlob: true, webauthn:virtualAuthenticators: true}
Session ID: 846fac640360485016ed6ea98344394a
*** Element info: {Using=xpath, value=//*[@data-ref-tag='nav_em_1_1_1_6']}&#13;
	at java.base/jdk.internal.reflect.NativeConstructorAccessorImpl.newInstance0(Native Method)&#13;
	at java.base/jdk.internal.reflect.NativeConstructorAccessorImpl.newInstance(NativeConstructorAccessorImpl.java:77)&#13;
	at java.base/jdk.internal.reflect.DelegatingConstructorAccessorImpl.newInstance(DelegatingConstructorAccessorImpl.java:45)&#13;
	at java.base/java.lang.reflect.Constructor.newInstanceWithCaller(Constructor.java:499)&#13;
	at java.base/java.lang.reflect.Constructor.newInstance(Constructor.java:480)&#13;
	at org.openqa.selenium.remote.http.W3CHttpResponseCodec.createException(W3CHttpResponseCodec.java:187)&#13;
	at org.openqa.selenium.remote.http.W3CHttpResponseCodec.decode(W3CHttpResponseCodec.java:122)&#13;
	at org.openqa.selenium.remote.http.W3CHttpResponseCodec.decode(W3CHttpResponseCodec.java:49)&#13;
	at org.openqa.selenium.remote.HttpCommandExecutor.execute(HttpCommandExecutor.java:158)&#13;
	at org.openqa.selenium.remote.service.DriverCommandExecutor.execute(DriverCommandExecutor.java:83)&#13;
	at org.openqa.selenium.remote.RemoteWebDriver.execute(RemoteWebDriver.java:552)&#13;
	at org.openqa.selenium.remote.RemoteWebDriver.findElement(RemoteWebDriver.java:323)&#13;
	at org.openqa.selenium.remote.RemoteWebDriver.findElementByXPath(RemoteWebDriver.java:428)&#13;
	at org.openqa.selenium.By$ByXPath.findElement(By.java:353)&#13;
	at org.openqa.selenium.remote.RemoteWebDriver.findElement(RemoteWebDriver.java:315)&#13;
	at com.PSC.helper.PageObject.LoginPage.clickEchoAlexa(LoginPage.java:88)&#13;
	at com.PSC.framework.stepDefinition.AmazonProductPage.click_on_echo_and_alexa(AmazonProductPage.java:32)&#13;
	at ✽.Click on Echo and Alexa(classpath:BackOffice/Amazon.feature:7)&#13;
</stack-trace>
            </failure>
            <steps>
                <step start="1675165597506" stop="1675165597512" status="passed">
                    <name>log[Click on All button, false]</name>
                    <title>Click on All button</title>
                </step>
            </steps>
            <attachments>
                <attachment title="screenshot" source="49186717-d8ba-4fc0-9744-6f29fa4b6170-attachment.png" type="image/png"/>
            </attachments>
            <labels>
                <label name="host" value="DESKTOP-8TF2HVC"/>
                <label name="thread" value="4792@DESKTOP-8TF2HVC.main(1)"/>
            </labels>
        </test-case>
        <test-case start="1675165557485" stop="1675165682420" status="broken">
            <name>runScenario["Amazon Page","Optional[Amazon Test Caces]"]</name>
            <description>Runs Cucumber Scenarios</description>
            <failure>
                <message>NoSuchElementException: no such element: Unable to locate element: {"method":"xpath","selector":"//*[@data-ref-tag='nav_em_1_1_1_6']"}
  (Session info: chrome=109.0.5414.120)
For documentation on this error, please visit: https://www.seleniumhq.org/exceptions/no_such_element.html
Build info: version: '3.141.59', revision: 'e82be7d358', time: '2018-11-14T08:17:03'
System info: host: 'DESKTOP-8TF2HVC', ip: '192.168.8.226', os.name: 'Windows 10', os.arch: 'amd64', os.version: '10.0', java.version: '17.0.5'
Driver info: org.openqa.selenium.chrome.ChromeDriver
Capabilities {acceptInsecureCerts: false, browserName: chrome, browserVersion: 109.0.5414.120, chrome: {chromedriverVersion: 109.0.5414.74 (e7c5703604da..., userDataDir: C:\Users\ecs\AppData\Local\...}, goog:chromeOptions: {debuggerAddress: localhost:57209}, javascriptEnabled: true, networkConnectionEnabled: false, pageLoadStrategy: normal, platform: WINDOWS, platformName: WINDOWS, proxy: Proxy(), setWindowRect: true, strictFileInteractability: false, timeouts: {implicit: 0, pageLoad: 300000, script: 30000}, unhandledPromptBehavior: dismiss and notify, webauthn:extension:credBlob: true, webauthn:extension:largeBlob: true, webauthn:virtualAuthenticators: true}
Session ID: 846fac640360485016ed6ea98344394a
*** Element info: {Using=xpath, value=//*[@data-ref-tag='nav_em_1_1_1_6']}</message>
                <stack-trace>org.openqa.selenium.NoSuchElementException: no such element: Unable to locate element: {"method":"xpath","selector":"//*[@data-ref-tag='nav_em_1_1_1_6']"}
  (Session info: chrome=109.0.5414.120)
For documentation on this error, please visit: https://www.seleniumhq.org/exceptions/no_such_element.html
Build info: version: '3.141.59', revision: 'e82be7d358', time: '2018-11-14T08:17:03'
System info: host: 'DESKTOP-8TF2HVC', ip: '192.168.8.226', os.name: 'Windows 10', os.arch: 'amd64', os.version: '10.0', java.version: '17.0.5'
Driver info: org.openqa.selenium.chrome.ChromeDriver
Capabilities {acceptInsecureCerts: false, browserName: chrome, browserVersion: 109.0.5414.120, chrome: {chromedriverVersion: 109.0.5414.74 (e7c5703604da..., userDataDir: C:\Users\ecs\AppData\Local\...}, goog:chromeOptions: {debuggerAddress: localhost:57209}, javascriptEnabled: true, networkConnectionEnabled: false, pageLoadStrategy: normal, platform: WINDOWS, platformName: WINDOWS, proxy: Proxy(), setWindowRect: true, strictFileInteractability: false, timeouts: {implicit: 0, pageLoad: 300000, script: 30000}, unhandledPromptBehavior: dismiss and notify, webauthn:extension:credBlob: true, webauthn:extension:largeBlob: true, webauthn:virtualAuthenticators: true}
Session ID: 846fac640360485016ed6ea98344394a
*** Element info: {Using=xpath, value=//*[@data-ref-tag='nav_em_1_1_1_6']}&#13;
	at java.base/jdk.internal.reflect.NativeConstructorAccessorImpl.newInstance0(Native Method)&#13;
	at java.base/jdk.internal.reflect.NativeConstructorAccessorImpl.newInstance(NativeConstructorAccessorImpl.java:77)&#13;
	at java.base/jdk.internal.reflect.DelegatingConstructorAccessorImpl.newInstance(DelegatingConstructorAccessorImpl.java:45)&#13;
	at java.base/java.lang.reflect.Constructor.newInstanceWithCaller(Constructor.java:499)&#13;
	at java.base/java.lang.reflect.Constructor.newInstance(Constructor.java:480)&#13;
	at org.openqa.selenium.remote.http.W3CHttpResponseCodec.createException(W3CHttpResponseCodec.java:187)&#13;
	at org.openqa.selenium.remote.http.W3CHttpResponseCodec.decode(W3CHttpResponseCodec.java:122)&#13;
	at org.openqa.selenium.remote.http.W3CHttpResponseCodec.decode(W3CHttpResponseCodec.java:49)&#13;
	at org.openqa.selenium.remote.HttpCommandExecutor.execute(HttpCommandExecutor.java:158)&#13;
	at org.openqa.selenium.remote.service.DriverCommandExecutor.execute(DriverCommandExecutor.java:83)&#13;
	at org.openqa.selenium.remote.RemoteWebDriver.execute(RemoteWebDriver.java:552)&#13;
	at org.openqa.selenium.remote.RemoteWebDriver.findElement(RemoteWebDriver.java:323)&#13;
	at org.openqa.selenium.remote.RemoteWebDriver.findElementByXPath(RemoteWebDriver.java:428)&#13;
	at org.openqa.selenium.By$ByXPath.findElement(By.java:353)&#13;
	at org.openqa.selenium.remote.RemoteWebDriver.findElement(RemoteWebDriver.java:315)&#13;
	at com.PSC.helper.PageObject.LoginPage.clickEchoAlexa(LoginPage.java:88)&#13;
	at com.PSC.framework.stepDefinition.AmazonProductPage.click_on_echo_and_alexa(AmazonProductPage.java:32)&#13;
	at ✽.Click on Echo and Alexa(classpath:BackOffice/Amazon.feature:7)&#13;
</stack-trace>
            </failure>
            <steps>
                <step start="1675165597506" stop="1675165597512" status="passed">
                    <name>log[Click on All button, false]</name>
                    <title>Click on All button</title>
                </step>
            </steps>
            <attachments>
                <attachment title="screenshot" source="49186717-d8ba-4fc0-9744-6f29fa4b6170-attachment.png" type="image/png"/>
            </attachments>
            <labels>
                <label name="host" value="DESKTOP-8TF2HVC"/>
                <label name="thread" value="4792@DESKTOP-8TF2HVC.main(1)"/>
            </labels>
        </test-case>
        <test-case start="1675165557485" stop="1675165682420" status="broken">
            <name>runScenario["Amazon Page","Optional[Amazon Test Caces]"]</name>
            <description>Runs Cucumber Scenarios</description>
            <failure>
                <message>NoSuchElementException: no such element: Unable to locate element: {"method":"xpath","selector":"//*[@data-ref-tag='nav_em_1_1_1_6']"}
  (Session info: chrome=109.0.5414.120)
For documentation on this error, please visit: https://www.seleniumhq.org/exceptions/no_such_element.html
Build info: version: '3.141.59', revision: 'e82be7d358', time: '2018-11-14T08:17:03'
System info: host: 'DESKTOP-8TF2HVC', ip: '192.168.8.226', os.name: 'Windows 10', os.arch: 'amd64', os.version: '10.0', java.version: '17.0.5'
Driver info: org.openqa.selenium.chrome.ChromeDriver
Capabilities {acceptInsecureCerts: false, browserName: chrome, browserVersion: 109.0.5414.120, chrome: {chromedriverVersion: 109.0.5414.74 (e7c5703604da..., userDataDir: C:\Users\ecs\AppData\Local\...}, goog:chromeOptions: {debuggerAddress: localhost:57209}, javascriptEnabled: true, networkConnectionEnabled: false, pageLoadStrategy: normal, platform: WINDOWS, platformName: WINDOWS, proxy: Proxy(), setWindowRect: true, strictFileInteractability: false, timeouts: {implicit: 0, pageLoad: 300000, script: 30000}, unhandledPromptBehavior: dismiss and notify, webauthn:extension:credBlob: true, webauthn:extension:largeBlob: true, webauthn:virtualAuthenticators: true}
Session ID: 846fac640360485016ed6ea98344394a
*** Element info: {Using=xpath, value=//*[@data-ref-tag='nav_em_1_1_1_6']}</message>
                <stack-trace>org.openqa.selenium.NoSuchElementException: no such element: Unable to locate element: {"method":"xpath","selector":"//*[@data-ref-tag='nav_em_1_1_1_6']"}
  (Session info: chrome=109.0.5414.120)
For documentation on this error, please visit: https://www.seleniumhq.org/exceptions/no_such_element.html
Build info: version: '3.141.59', revision: 'e82be7d358', time: '2018-11-14T08:17:03'
System info: host: 'DESKTOP-8TF2HVC', ip: '192.168.8.226', os.name: 'Windows 10', os.arch: 'amd64', os.version: '10.0', java.version: '17.0.5'
Driver info: org.openqa.selenium.chrome.ChromeDriver
Capabilities {acceptInsecureCerts: false, browserName: chrome, browserVersion: 109.0.5414.120, chrome: {chromedriverVersion: 109.0.5414.74 (e7c5703604da..., userDataDir: C:\Users\ecs\AppData\Local\...}, goog:chromeOptions: {debuggerAddress: localhost:57209}, javascriptEnabled: true, networkConnectionEnabled: false, pageLoadStrategy: normal, platform: WINDOWS, platformName: WINDOWS, proxy: Proxy(), setWindowRect: true, strictFileInteractability: false, timeouts: {implicit: 0, pageLoad: 300000, script: 30000}, unhandledPromptBehavior: dismiss and notify, webauthn:extension:credBlob: true, webauthn:extension:largeBlob: true, webauthn:virtualAuthenticators: true}
Session ID: 846fac640360485016ed6ea98344394a
*** Element info: {Using=xpath, value=//*[@data-ref-tag='nav_em_1_1_1_6']}&#13;
	at java.base/jdk.internal.reflect.NativeConstructorAccessorImpl.newInstance0(Native Method)&#13;
	at java.base/jdk.internal.reflect.NativeConstructorAccessorImpl.newInstance(NativeConstructorAccessorImpl.java:77)&#13;
	at java.base/jdk.internal.reflect.DelegatingConstructorAccessorImpl.newInstance(DelegatingConstructorAccessorImpl.java:45)&#13;
	at java.base/java.lang.reflect.Constructor.newInstanceWithCaller(Constructor.java:499)&#13;
	at java.base/java.lang.reflect.Constructor.newInstance(Constructor.java:480)&#13;
	at org.openqa.selenium.remote.http.W3CHttpResponseCodec.createException(W3CHttpResponseCodec.java:187)&#13;
	at org.openqa.selenium.remote.http.W3CHttpResponseCodec.decode(W3CHttpResponseCodec.java:122)&#13;
	at org.openqa.selenium.remote.http.W3CHttpResponseCodec.decode(W3CHttpResponseCodec.java:49)&#13;
	at org.openqa.selenium.remote.HttpCommandExecutor.execute(HttpCommandExecutor.java:158)&#13;
	at org.openqa.selenium.remote.service.DriverCommandExecutor.execute(DriverCommandExecutor.java:83)&#13;
	at org.openqa.selenium.remote.RemoteWebDriver.execute(RemoteWebDriver.java:552)&#13;
	at org.openqa.selenium.remote.RemoteWebDriver.findElement(RemoteWebDriver.java:323)&#13;
	at org.openqa.selenium.remote.RemoteWebDriver.findElementByXPath(RemoteWebDriver.java:428)&#13;
	at org.openqa.selenium.By$ByXPath.findElement(By.java:353)&#13;
	at org.openqa.selenium.remote.RemoteWebDriver.findElement(RemoteWebDriver.java:315)&#13;
	at com.PSC.helper.PageObject.LoginPage.clickEchoAlexa(LoginPage.java:88)&#13;
	at com.PSC.framework.stepDefinition.AmazonProductPage.click_on_echo_and_alexa(AmazonProductPage.java:32)&#13;
	at ✽.Click on Echo and Alexa(classpath:BackOffice/Amazon.feature:7)&#13;
</stack-trace>
            </failure>
            <steps>
                <step start="1675165597506" stop="1675165597512" status="passed">
                    <name>log[Click on All button, false]</name>
                    <title>Click on All button</title>
                </step>
            </steps>
            <attachments>
                <attachment title="screenshot" source="49186717-d8ba-4fc0-9744-6f29fa4b6170-attachment.png" type="image/png"/>
            </attachments>
            <labels>
                <label name="host" value="DESKTOP-8TF2HVC"/>
                <label name="thread" value="4792@DESKTOP-8TF2HVC.main(1)"/>
            </labels>
        </test-case>
        <test-case start="1675165682434" stop="1675165713783" status="passed">
            <name>runScenario["Amazon Login","Optional[Amazon Test Caces]"]</name>
            <description>Runs Cucumber Scenarios</description>
            <steps>
                <step start="1675165699916" stop="1675165699917" status="passed">
                    <name>log[Click on Continue button, false]</name>
                    <title>Click on Continue button</title>
                    <attachments/>
                    <steps/>
                </step>
                <step start="1675165712371" stop="1675165712375" status="passed">
                    <name>log[Click on Continue button, false]</name>
                    <title>Click on Continue button</title>
                    <attachments/>
                    <steps/>
                </step>
            </steps>
            <attachments/>
            <labels>
                <label name="host" value="DESKTOP-8TF2HVC"/>
                <label name="thread" value="4792@DESKTOP-8TF2HVC.main(1)"/>
            </labels>
        </test-case>
        <test-case start="1675165682434" stop="1675165713783" status="passed">
            <name>runScenario["Amazon Login","Optional[Amazon Test Caces]"]</name>
            <description>Runs Cucumber Scenarios</description>
            <steps>
                <step start="1675165699916" stop="1675165699917" status="passed">
                    <name>log[Click on Continue button, false]</name>
                    <title>Click on Continue button</title>
                    <attachments/>
                    <steps/>
                </step>
                <step start="1675165712371" stop="1675165712375" status="passed">
                    <name>log[Click on Continue button, false]</name>
                    <title>Click on Continue button</title>
                    <attachments/>
                    <steps/>
                </step>
            </steps>
            <attachments/>
            <labels>
                <label name="host" value="DESKTOP-8TF2HVC"/>
                <label name="thread" value="4792@DESKTOP-8TF2HVC.main(1)"/>
            </labels>
        </test-case>
        <test-case start="1675165682434" stop="1675165713783" status="passed">
            <name>runScenario["Amazon Login","Optional[Amazon Test Caces]"]</name>
            <description>Runs Cucumber Scenarios</description>
            <steps>
                <step start="1675165699916" stop="1675165699917" status="passed">
                    <name>log[Click on Continue button, false]</name>
                    <title>Click on Continue button</title>
                    <attachments/>
                    <steps/>
                </step>
                <step start="1675165712371" stop="1675165712375" status="passed">
                    <name>log[Click on Continue button, false]</name>
                    <title>Click on Continue button</title>
                    <attachments/>
                    <steps/>
                </step>
            </steps>
            <attachments/>
            <labels>
                <label name="host" value="DESKTOP-8TF2HVC"/>
                <label name="thread" value="4792@DESKTOP-8TF2HVC.main(1)"/>
            </labels>
        </test-case>
        <test-case start="1675165682434" stop="1675165713783" status="passed">
            <name>runScenario["Amazon Login","Optional[Amazon Test Caces]"]</name>
            <description>Runs Cucumber Scenarios</description>
            <steps>
                <step start="1675165699916" stop="1675165699917" status="passed">
                    <name>log[Click on Continue button, false]</name>
                    <title>Click on Continue button</title>
                    <attachments/>
                    <steps/>
                </step>
                <step start="1675165712371" stop="1675165712375" status="passed">
                    <name>log[Click on Continue button, false]</name>
                    <title>Click on Continue button</title>
                    <attachments/>
                    <steps/>
                </step>
            </steps>
            <attachments/>
            <labels>
                <label name="host" value="DESKTOP-8TF2HVC"/>
                <label name="thread" value="4792@DESKTOP-8TF2HVC.main(1)"/>
            </labels>
        </test-case>
    </test-cases>
    <labels>
        <label name="framework" value="TestNG"/>
        <label name="language" value="JAVA"/>
    </labels>
</ns2:test-suite>
